[22:45:46] [main/INFO]: Environment: authHost='https://authserver.mojang.com', accountsHost='https://api.mojang.com', sessionHost='https://sessionserver.mojang.com', servicesHost='https://api.minecraftservices.com', name='PROD'
[22:45:46] [main/INFO]: Reloading ResourceManager: Default, bukkit
[22:45:47] [Worker-Main-2/INFO]: Loaded 7 recipes
[22:45:49] [Server thread/INFO]: Starting minecraft server version 1.16.5
[22:45:49] [Server thread/INFO]: Loading properties
[22:45:49] [Server thread/INFO]: This server is running Purpur version git-Purpur-1171 (MC: 1.16.5) (Implementing API version 1.16.5-R0.1-SNAPSHOT)
[22:45:49] [Server thread/INFO]: Debug logging is disabled
[22:45:49] [Server thread/INFO]: Server Ping Player Sample Count: 12
[22:45:49] [Server thread/INFO]: Using 4 threads for Netty based IO
[22:45:49] [Server thread/INFO]: Default game type: SURVIVAL
[22:45:49] [Server thread/INFO]: Generating keypair
[22:45:49] [Server thread/INFO]: Starting Minecraft server on *:25565
[22:45:49] [Server thread/INFO]: Using default channel type
[22:45:49] [Server thread/INFO]: Tuinity: Using Java 11 compression from Velocity.
[22:45:49] [Server thread/INFO]: Tuinity: Using Java cipher from Velocity.
[22:45:49] [Server thread/ERROR]: Could not load 'plugins\BMenu-1.6.jar' in folder 'plugins'
org.bukkit.plugin.UnknownDependencyException: Unknown/missing dependency plugins: [BLib, PlaceholderAPI]. Please download and install these plugins to run 'BMenu'.
	at org.bukkit.plugin.SimplePluginManager.loadPlugins(SimplePluginManager.java:291) ~[patched_1.16.5.jar:git-Purpur-1171]
	at org.bukkit.craftbukkit.v1_16_R3.CraftServer.loadPlugins(CraftServer.java:393) ~[patched_1.16.5.jar:git-Purpur-1171]
	at net.minecraft.server.v1_16_R3.DedicatedServer.init(DedicatedServer.java:279) ~[patched_1.16.5.jar:git-Purpur-1171]
	at net.minecraft.server.v1_16_R3.MinecraftServer.w(MinecraftServer.java:1074) ~[patched_1.16.5.jar:git-Purpur-1171]
	at net.minecraft.server.v1_16_R3.MinecraftServer.lambda$a$0(MinecraftServer.java:293) ~[patched_1.16.5.jar:git-Purpur-1171]
	at java.lang.Thread.run(Thread.java:831) [?:?]
[22:45:50] [Server thread/INFO]: [AbstractMenus] Loading 1 libraries... please wait
[22:45:50] [Server thread/INFO]: [AbstractMenus] Loaded library C:\Users\PC\Desktop\ńĺđâĺđ\DesireCraft\libraries\org\openjdk\nashorn\nashorn-core\15.3\nashorn-core-15.3.jar
[22:45:50] [Server thread/INFO]: [AbstractMenus] Loaded library C:\Users\PC\Desktop\ńĺđâĺđ\DesireCraft\libraries\org\ow2\asm\asm\7.3.1\asm-7.3.1.jar
[22:45:50] [Server thread/INFO]: [AbstractMenus] Loaded library C:\Users\PC\Desktop\ńĺđâĺđ\DesireCraft\libraries\org\ow2\asm\asm-commons\7.3.1\asm-commons-7.3.1.jar
[22:45:50] [Server thread/INFO]: [AbstractMenus] Loaded library C:\Users\PC\Desktop\ńĺđâĺđ\DesireCraft\libraries\org\ow2\asm\asm-analysis\7.3.1\asm-analysis-7.3.1.jar
[22:45:50] [Server thread/INFO]: [AbstractMenus] Loaded library C:\Users\PC\Desktop\ńĺđâĺđ\DesireCraft\libraries\org\ow2\asm\asm-tree\7.3.1\asm-tree-7.3.1.jar
[22:45:50] [Server thread/INFO]: [AbstractMenus] Loaded library C:\Users\PC\Desktop\ńĺđâĺđ\DesireCraft\libraries\org\ow2\asm\asm-util\7.3.1\asm-util-7.3.1.jar
[22:45:50] [Server thread/INFO]: [AbstractMenus] Loading AbstractMenus v1.15.2
[22:45:50] [Server thread/INFO]: Server permissions file permissions.yml is empty, ignoring it
[22:45:50] [Server thread/WARN]: **** SERVER IS RUNNING IN OFFLINE/INSECURE MODE!
[22:45:50] [Server thread/WARN]: The server will make no attempt to authenticate usernames. Beware.
[22:45:50] [Server thread/WARN]: While this makes the game possible to play without internet access, it also opens up the ability for hackers to connect with any username they choose.
[22:45:50] [Server thread/WARN]: You will not be offered any support as long as the server allows offline-mode players to join.
[22:45:50] [Server thread/WARN]: To change this, set "online-mode" to "true" in the server.properties file.
[22:45:50] [Server thread/INFO]: Preparing level "world"
[22:45:50] [Server thread/INFO]: Preparing start region for dimension minecraft:overworld
[22:45:51] [Server thread/INFO]: Time elapsed: 239 ms
[22:45:51] [Server thread/INFO]: Preparing start region for dimension minecraft:the_nether
[22:45:51] [Server thread/INFO]: Time elapsed: 66 ms
[22:45:51] [Server thread/INFO]: Preparing start region for dimension minecraft:the_end
[22:45:51] [Server thread/INFO]: Time elapsed: 65 ms
[22:45:51] [Server thread/INFO]: [AbstractMenus] Enabling AbstractMenus v1.15.2
[22:45:51] [Server thread/INFO]: [AbstractMenus] Loaded head animation "anim_eye"
[22:45:51] [Server thread/WARN]: [AbstractMenus] Vault doesn't installed. Economy actions and rules won't work
[22:45:51] [Server thread/INFO]: [AbstractMenus] Using bundled temporary permissions manager
[22:45:51] [Server thread/WARN]: [AbstractMenus] LuckPerms doesn't installed. After reload all assigned permissions will be removed
[22:45:51] [Server thread/INFO]: [AbstractMenus] Using bundled placeholders
[22:45:51] [Server thread/INFO]: [AbstractMenus] Loaded 2 menus
[22:45:51] [Server thread/INFO]: Running delayed init tasks
[22:45:51] [Server thread/INFO]: Done (2.896s)! For help, type "help"
[22:45:51] [Server thread/INFO]: Timings Reset
[22:46:06] [Server thread/INFO]: Stopping server
[22:46:06] [Server thread/INFO]: [AbstractMenus] Disabling AbstractMenus v1.15.2
[22:46:06] [Server thread/INFO]: Saving players
[22:46:06] [Server thread/INFO]: Saving worlds
[22:46:06] [Server thread/INFO]: Saving chunks for level 'ServerLevel[world]'/minecraft:overworld
[22:46:07] [Server thread/INFO]: ThreadedAnvilChunkStorage (world): All chunks are saved
[22:46:07] [Server thread/INFO]: Saving chunks for level 'ServerLevel[world_nether]'/minecraft:the_nether
[22:46:08] [Server thread/INFO]: ThreadedAnvilChunkStorage (DIM-1): All chunks are saved
[22:46:08] [Server thread/INFO]: Saving chunks for level 'ServerLevel[world_the_end]'/minecraft:the_end
[22:46:08] [Server thread/INFO]: ThreadedAnvilChunkStorage (DIM1): All chunks are saved
[22:46:08] [Server thread/INFO]: ThreadedAnvilChunkStorage (world): All chunks are saved
[22:46:08] [Server thread/INFO]: ThreadedAnvilChunkStorage (DIM-1): All chunks are saved
[22:46:08] [Server thread/INFO]: ThreadedAnvilChunkStorage (DIM1): All chunks are saved
[22:46:08] [Server thread/INFO]: Flushing Chunk IO
[22:46:08] [Server thread/INFO]: Closing Thread Pool
[22:46:08] [Server thread/INFO]: Closing Server
